<?xml version="1.0" encoding="UTF-8"?>
<!-- Generated by org.testng.reporters.JUnitXMLReporter -->
<testsuite hostname="BM8MXJJR2" ignored="0" name="Default test" tests="2" failures="0" timestamp="28 Jan 2020 04:39:27 GMT" time="40.938" errors="0">
  <testcase name="invalidLoginTest_InvalidUserNameInvalidPassword" time="18.851" classname="tests.LoginTests"/>
  <testcase name="invalidLoginTest_EmptyUserEmptyPassword" time="16.633" classname="tests.LoginTests"/>
</testsuite> <!-- Default test -->
