<?xml version="1.0" encoding="UTF-8"?>
<testng-results skipped="0" failed="0" ignored="0" total="2" passed="2">
  <reporter-output>
  </reporter-output>
  <suite name="Default suite" duration-ms="99167" started-at="2020-01-25T09:50:20Z" finished-at="2020-01-25T09:51:59Z">
    <groups>
    </groups>
    <test name="Default test" duration-ms="99167" started-at="2020-01-25T09:50:20Z" finished-at="2020-01-25T09:51:59Z">
      <class name="tests.LoginTests">
        <test-method status="PASS" signature="classLevelSetup()[pri:0, instance:tests.LoginTests@782a4fff]" name="classLevelSetup" is-config="true" duration-ms="4451" started-at="2020-01-25T09:50:20Z" finished-at="2020-01-25T09:50:24Z">
          <reporter-output>
          </reporter-output>
        </test-method> <!-- classLevelSetup -->
        <test-method status="PASS" signature="methodLevelSetup()[pri:0, instance:tests.LoginTests@782a4fff]" name="methodLevelSetup" is-config="true" duration-ms="79" started-at="2020-01-25T09:50:24Z" finished-at="2020-01-25T09:50:24Z">
          <reporter-output>
          </reporter-output>
        </test-method> <!-- methodLevelSetup -->
        <test-method status="PASS" signature="invalidLoginTest_InvalidUserNameInvalidPassword()[pri:0, instance:tests.LoginTests@782a4fff]" name="invalidLoginTest_InvalidUserNameInvalidPassword" duration-ms="58645" started-at="2020-01-25T09:50:25Z" description="  test -----------------Invalid Login Scenario with wrong username and password." finished-at="2020-01-25T09:51:23Z">
          <reporter-output>
          </reporter-output>
        </test-method> <!-- invalidLoginTest_InvalidUserNameInvalidPassword -->
        <test-method status="PASS" signature="methodLevelSetup()[pri:0, instance:tests.LoginTests@782a4fff]" name="methodLevelSetup" is-config="true" duration-ms="0" started-at="2020-01-25T09:51:23Z" finished-at="2020-01-25T09:51:23Z">
          <reporter-output>
          </reporter-output>
        </test-method> <!-- methodLevelSetup -->
        <test-method status="PASS" signature="invalidLoginTest_EmptyUserEmptyPassword()[pri:1, instance:tests.LoginTests@782a4fff]" name="invalidLoginTest_EmptyUserEmptyPassword" duration-ms="34320" started-at="2020-01-25T09:51:23Z" description="Invalid Login Scenario with empty username and password." finished-at="2020-01-25T09:51:58Z">
          <reporter-output>
          </reporter-output>
        </test-method> <!-- invalidLoginTest_EmptyUserEmptyPassword -->
        <test-method status="PASS" signature="teardown()[pri:0, instance:tests.LoginTests@782a4fff]" name="teardown" is-config="true" duration-ms="1229" started-at="2020-01-25T09:51:58Z" finished-at="2020-01-25T09:51:59Z">
          <reporter-output>
          </reporter-output>
        </test-method> <!-- teardown -->
      </class> <!-- tests.LoginTests -->
    </test> <!-- Default test -->
  </suite> <!-- Default suite -->
</testng-results>
