<?xml version="1.0" encoding="UTF-8"?>
<testng-results skipped="0" failed="0" ignored="0" total="2" passed="2">
  <reporter-output>
  </reporter-output>
  <suite name="Default suite" duration-ms="40938" started-at="2020-01-28T04:38:45Z" finished-at="2020-01-28T04:39:26Z">
    <groups>
    </groups>
    <test name="Default test" duration-ms="40938" started-at="2020-01-28T04:38:45Z" finished-at="2020-01-28T04:39:26Z">
      <class name="tests.LoginTests">
        <test-method status="PASS" signature="classLevelSetup()[pri:0, instance:tests.LoginTests@3b9d6699]" name="classLevelSetup" is-config="true" duration-ms="3913" started-at="2020-01-28T04:38:45Z" finished-at="2020-01-28T04:38:49Z">
          <reporter-output>
          </reporter-output>
        </test-method> <!-- classLevelSetup -->
        <test-method status="PASS" signature="methodLevelSetup()[pri:0, instance:tests.LoginTests@3b9d6699]" name="methodLevelSetup" is-config="true" duration-ms="45" started-at="2020-01-28T04:38:49Z" finished-at="2020-01-28T04:38:49Z">
          <reporter-output>
          </reporter-output>
        </test-method> <!-- methodLevelSetup -->
        <test-method status="PASS" signature="invalidLoginTest_InvalidUserNameInvalidPassword()[pri:0, instance:tests.LoginTests@3b9d6699]" name="invalidLoginTest_InvalidUserNameInvalidPassword" duration-ms="18851" started-at="2020-01-28T04:38:50Z" description="  test -----------------Invalid Login Scenario with wrong username and password." finished-at="2020-01-28T04:39:08Z">
          <reporter-output>
          </reporter-output>
        </test-method> <!-- invalidLoginTest_InvalidUserNameInvalidPassword -->
        <test-method status="PASS" signature="methodLevelSetup()[pri:0, instance:tests.LoginTests@3b9d6699]" name="methodLevelSetup" is-config="true" duration-ms="0" started-at="2020-01-28T04:39:08Z" finished-at="2020-01-28T04:39:08Z">
          <reporter-output>
          </reporter-output>
        </test-method> <!-- methodLevelSetup -->
        <test-method status="PASS" signature="invalidLoginTest_EmptyUserEmptyPassword()[pri:1, instance:tests.LoginTests@3b9d6699]" name="invalidLoginTest_EmptyUserEmptyPassword" duration-ms="16633" started-at="2020-01-28T04:39:08Z" description="Invalid Login Scenario with empty username and password." finished-at="2020-01-28T04:39:25Z">
          <reporter-output>
          </reporter-output>
        </test-method> <!-- invalidLoginTest_EmptyUserEmptyPassword -->
        <test-method status="PASS" signature="teardown()[pri:0, instance:tests.LoginTests@3b9d6699]" name="teardown" is-config="true" duration-ms="1146" started-at="2020-01-28T04:39:25Z" finished-at="2020-01-28T04:39:26Z">
          <reporter-output>
          </reporter-output>
        </test-method> <!-- teardown -->
      </class> <!-- tests.LoginTests -->
    </test> <!-- Default test -->
  </suite> <!-- Default suite -->
</testng-results>
